[2020-03-03 19:27:45,466] {dag_processing.py:821} INFO - Processing files using up to 1 processes at a time 
[2020-03-03 19:27:45,467] {dag_processing.py:822} INFO - Process each file at most once every 0 seconds
[2020-03-03 19:27:45,467] {dag_processing.py:824} INFO - Checking for new files in /Users/bsjun/Documents/airflowtest/dags every 300 seconds
[2020-03-03 19:27:45,468] {dag_processing.py:1292} INFO - Finding 'running' jobs without a recent heartbeat
[2020-03-03 19:27:45,469] {dag_processing.py:1296} INFO - Failing jobs without heartbeat after 2020-03-03 10:22:45.469067+00:00
[2020-03-03 19:27:50,647] {dag_processing.py:1029} INFO - 
================================================================================
DAG File Processing Stats

File Path                                                                                                   PID    Runtime      # DAGs    # Errors  Last Runtime    Last Run
----------------------------------------------------------------------------------------------------------  -----  ---------  --------  ----------  --------------  -------------------
/opt/anaconda3/lib/python3.7/site-packages/airflow/example_dags/example_latest_only.py                                               0           0
/opt/anaconda3/lib/python3.7/site-packages/airflow/example_dags/example_complex.py                                                   0           0
/opt/anaconda3/lib/python3.7/site-packages/airflow/example_dags/example_python_operator.py                                           0           0
/opt/anaconda3/lib/python3.7/site-packages/airflow/example_dags/test_utils.py                                                        0           0
/opt/anaconda3/lib/python3.7/site-packages/airflow/example_dags/example_external_task_marker_dag.py                                  0           0  5.16s           2020-03-03T10:27:50
/opt/anaconda3/lib/python3.7/site-packages/airflow/example_dags/example_bash_operator.py                                             0           0
/opt/anaconda3/lib/python3.7/site-packages/airflow/example_dags/example_short_circuit_operator.py                                    0           0
/opt/anaconda3/lib/python3.7/site-packages/airflow/example_dags/example_branch_operator.py                                           0           0
/opt/anaconda3/lib/python3.7/site-packages/airflow/example_dags/example_docker_operator.py                                           0           0
/opt/anaconda3/lib/python3.7/site-packages/airflow/example_dags/tutorial.py                                                          0           0
/opt/anaconda3/lib/python3.7/site-packages/airflow/example_dags/docker_copy_data.py                                                  0           0
/opt/anaconda3/lib/python3.7/site-packages/airflow/example_dags/example_pig_operator.py                                              0           0
/opt/anaconda3/lib/python3.7/site-packages/airflow/example_dags/example_passing_params_via_test_command.py                           0           0
/opt/anaconda3/lib/python3.7/site-packages/airflow/example_dags/example_latest_only_with_trigger.py                                  0           0
/opt/anaconda3/lib/python3.7/site-packages/airflow/example_dags/example_docker_swarm_operator.py                                     0           0
/opt/anaconda3/lib/python3.7/site-packages/airflow/example_dags/example_xcom.py                                                      0           0
/opt/anaconda3/lib/python3.7/site-packages/airflow/example_dags/example_http_operator.py                                             0           0
/opt/anaconda3/lib/python3.7/site-packages/airflow/example_dags/example_skip_dag.py                                                  0           0
/opt/anaconda3/lib/python3.7/site-packages/airflow/example_dags/example_trigger_target_dag.py                                        0           0
/opt/anaconda3/lib/python3.7/site-packages/airflow/example_dags/example_branch_python_dop_operator_3.py                              0           0
/opt/anaconda3/lib/python3.7/site-packages/airflow/example_dags/example_subdag_operator.py                                           0           0
/opt/anaconda3/lib/python3.7/site-packages/airflow/example_dags/example_trigger_controller_dag.py                                    0           0
/opt/anaconda3/lib/python3.7/site-packages/airflow/example_dags/subdags/subdag.py                                                    0           0
================================================================================
[2020-03-03 19:27:55,713] {dag_processing.py:1292} INFO - Finding 'running' jobs without a recent heartbeat
[2020-03-03 19:27:55,713] {dag_processing.py:1296} INFO - Failing jobs without heartbeat after 2020-03-03 10:22:55.713861+00:00
[2020-03-03 19:28:00,114] {dag_processing.py:804} INFO - Exiting gracefully upon receiving signal 15
[2020-03-03 19:28:00,733] {dag_processing.py:804} INFO - Exiting gracefully upon receiving signal 15
[2020-03-03 19:28:00,747] {dag_processing.py:1378} INFO - Waiting up to 5 seconds for processes to exit...
[2020-03-04 10:56:13,601] {dag_processing.py:821} INFO - Processing files using up to 1 processes at a time 
[2020-03-04 10:56:13,602] {dag_processing.py:822} INFO - Process each file at most once every 0 seconds
[2020-03-04 10:56:13,602] {dag_processing.py:824} INFO - Checking for new files in /Users/bsjun/Documents/airflowtest/dags every 300 seconds
[2020-03-04 10:56:13,604] {dag_processing.py:1292} INFO - Finding 'running' jobs without a recent heartbeat
[2020-03-04 10:56:13,604] {dag_processing.py:1296} INFO - Failing jobs without heartbeat after 2020-03-04 01:51:13.604915+00:00
[2020-03-04 10:56:18,680] {dag_processing.py:1029} INFO - 
================================================================================
DAG File Processing Stats

File Path                                                                                                   PID    Runtime      # DAGs    # Errors  Last Runtime    Last Run
----------------------------------------------------------------------------------------------------------  -----  ---------  --------  ----------  --------------  -------------------
/Users/bsjun/Documents/airflowtest/dags/hello_world.py                                                                               0           0
/opt/anaconda3/lib/python3.7/site-packages/airflow/example_dags/example_latest_only.py                                               0           0  5.06s           2020-03-04T01:56:18
/opt/anaconda3/lib/python3.7/site-packages/airflow/example_dags/example_complex.py                                                   0           0
/opt/anaconda3/lib/python3.7/site-packages/airflow/example_dags/example_python_operator.py                                           0           0
/opt/anaconda3/lib/python3.7/site-packages/airflow/example_dags/test_utils.py                                                        0           0
/opt/anaconda3/lib/python3.7/site-packages/airflow/example_dags/example_external_task_marker_dag.py                                  0           0
/opt/anaconda3/lib/python3.7/site-packages/airflow/example_dags/example_bash_operator.py                                             0           0
/opt/anaconda3/lib/python3.7/site-packages/airflow/example_dags/example_short_circuit_operator.py                                    0           0
/opt/anaconda3/lib/python3.7/site-packages/airflow/example_dags/example_branch_operator.py                                           0           0
/opt/anaconda3/lib/python3.7/site-packages/airflow/example_dags/example_docker_operator.py                                           0           0
/opt/anaconda3/lib/python3.7/site-packages/airflow/example_dags/tutorial.py                                                          0           0
/opt/anaconda3/lib/python3.7/site-packages/airflow/example_dags/docker_copy_data.py                                                  0           0
/opt/anaconda3/lib/python3.7/site-packages/airflow/example_dags/example_pig_operator.py                                              0           0
/opt/anaconda3/lib/python3.7/site-packages/airflow/example_dags/example_passing_params_via_test_command.py                           0           0
/opt/anaconda3/lib/python3.7/site-packages/airflow/example_dags/example_latest_only_with_trigger.py                                  0           0
/opt/anaconda3/lib/python3.7/site-packages/airflow/example_dags/example_docker_swarm_operator.py                                     0           0
/opt/anaconda3/lib/python3.7/site-packages/airflow/example_dags/example_xcom.py                                                      0           0
/opt/anaconda3/lib/python3.7/site-packages/airflow/example_dags/example_http_operator.py                                             0           0
/opt/anaconda3/lib/python3.7/site-packages/airflow/example_dags/example_skip_dag.py                                                  0           0
/opt/anaconda3/lib/python3.7/site-packages/airflow/example_dags/example_trigger_target_dag.py                                        0           0
/opt/anaconda3/lib/python3.7/site-packages/airflow/example_dags/example_branch_python_dop_operator_3.py                              0           0
/opt/anaconda3/lib/python3.7/site-packages/airflow/example_dags/example_subdag_operator.py                                           0           0
/opt/anaconda3/lib/python3.7/site-packages/airflow/example_dags/example_trigger_controller_dag.py                                    0           0
/opt/anaconda3/lib/python3.7/site-packages/airflow/example_dags/subdags/subdag.py                                                    0           0
================================================================================
[2020-03-04 10:56:23,733] {dag_processing.py:1292} INFO - Finding 'running' jobs without a recent heartbeat
[2020-03-04 10:56:23,734] {dag_processing.py:1296} INFO - Failing jobs without heartbeat after 2020-03-04 01:51:23.734330+00:00
[2020-03-04 10:56:33,851] {dag_processing.py:1292} INFO - Finding 'running' jobs without a recent heartbeat
[2020-03-04 10:56:33,852] {dag_processing.py:1296} INFO - Failing jobs without heartbeat after 2020-03-04 01:51:33.852363+00:00
[2020-03-04 10:56:44,066] {dag_processing.py:1292} INFO - Finding 'running' jobs without a recent heartbeat
[2020-03-04 10:56:44,067] {dag_processing.py:1296} INFO - Failing jobs without heartbeat after 2020-03-04 01:51:44.067703+00:00
[2020-03-04 10:56:49,135] {dag_processing.py:1029} INFO - 
================================================================================
DAG File Processing Stats

File Path                                                                                                   PID    Runtime      # DAGs    # Errors  Last Runtime    Last Run
----------------------------------------------------------------------------------------------------------  -----  ---------  --------  ----------  --------------  -------------------
/Users/bsjun/Documents/airflowtest/dags/hello_world.py                                                                               0           0
/opt/anaconda3/lib/python3.7/site-packages/airflow/example_dags/example_latest_only.py                                               0           0  5.06s           2020-03-04T01:56:18
/opt/anaconda3/lib/python3.7/site-packages/airflow/example_dags/example_complex.py                                                   0           0
/opt/anaconda3/lib/python3.7/site-packages/airflow/example_dags/example_python_operator.py                                           0           0
/opt/anaconda3/lib/python3.7/site-packages/airflow/example_dags/test_utils.py                                                        0           0
/opt/anaconda3/lib/python3.7/site-packages/airflow/example_dags/example_external_task_marker_dag.py                                  0           0  5.06s           2020-03-04T01:56:33
/opt/anaconda3/lib/python3.7/site-packages/airflow/example_dags/example_bash_operator.py                                             0           0
/opt/anaconda3/lib/python3.7/site-packages/airflow/example_dags/example_short_circuit_operator.py                                    0           0
/opt/anaconda3/lib/python3.7/site-packages/airflow/example_dags/example_branch_operator.py                                           0           0  5.06s           2020-03-04T01:56:38
/opt/anaconda3/lib/python3.7/site-packages/airflow/example_dags/example_docker_operator.py                                           0           0
/opt/anaconda3/lib/python3.7/site-packages/airflow/example_dags/tutorial.py                                                          0           0
/opt/anaconda3/lib/python3.7/site-packages/airflow/example_dags/docker_copy_data.py                                                  0           0
/opt/anaconda3/lib/python3.7/site-packages/airflow/example_dags/example_pig_operator.py                                              0           0
/opt/anaconda3/lib/python3.7/site-packages/airflow/example_dags/example_passing_params_via_test_command.py                           0           0
/opt/anaconda3/lib/python3.7/site-packages/airflow/example_dags/example_latest_only_with_trigger.py                                  0           0
/opt/anaconda3/lib/python3.7/site-packages/airflow/example_dags/example_docker_swarm_operator.py                                     0           0  5.05s           2020-03-04T01:56:23
/opt/anaconda3/lib/python3.7/site-packages/airflow/example_dags/example_xcom.py                                                      0           0
/opt/anaconda3/lib/python3.7/site-packages/airflow/example_dags/example_http_operator.py                                             0           0
/opt/anaconda3/lib/python3.7/site-packages/airflow/example_dags/example_skip_dag.py                                                  0           0
/opt/anaconda3/lib/python3.7/site-packages/airflow/example_dags/example_trigger_target_dag.py                                        0           0  5.15s           2020-03-04T01:56:44
/opt/anaconda3/lib/python3.7/site-packages/airflow/example_dags/example_branch_python_dop_operator_3.py                              0           0  5.05s           2020-03-04T01:56:49
/opt/anaconda3/lib/python3.7/site-packages/airflow/example_dags/example_subdag_operator.py                                           0           0
/opt/anaconda3/lib/python3.7/site-packages/airflow/example_dags/example_trigger_controller_dag.py                                    0           0  5.05s           2020-03-04T01:56:28
/opt/anaconda3/lib/python3.7/site-packages/airflow/example_dags/subdags/subdag.py                                                    0           0
================================================================================
[2020-03-04 10:56:54,190] {dag_processing.py:1292} INFO - Finding 'running' jobs without a recent heartbeat
[2020-03-04 10:56:54,191] {dag_processing.py:1296} INFO - Failing jobs without heartbeat after 2020-03-04 01:51:54.191148+00:00
[2020-03-04 10:57:04,304] {dag_processing.py:1292} INFO - Finding 'running' jobs without a recent heartbeat
[2020-03-04 10:57:04,305] {dag_processing.py:1296} INFO - Failing jobs without heartbeat after 2020-03-04 01:52:04.305136+00:00
[2020-03-04 10:57:14,421] {dag_processing.py:1292} INFO - Finding 'running' jobs without a recent heartbeat
[2020-03-04 10:57:14,421] {dag_processing.py:1296} INFO - Failing jobs without heartbeat after 2020-03-04 01:52:14.421780+00:00
[2020-03-04 10:57:17,838] {dag_processing.py:804} INFO - Exiting gracefully upon receiving signal 15
[2020-03-04 10:57:19,438] {dag_processing.py:804} INFO - Exiting gracefully upon receiving signal 15
[2020-03-04 10:57:19,456] {dag_processing.py:1378} INFO - Waiting up to 5 seconds for processes to exit...
[2020-03-04 11:11:25,924] {dag_processing.py:821} INFO - Processing files using up to 1 processes at a time 
[2020-03-04 11:11:25,926] {dag_processing.py:822} INFO - Process each file at most once every 0 seconds
[2020-03-04 11:11:25,926] {dag_processing.py:824} INFO - Checking for new files in /Users/bsjun/Documents/airflowtest/dags every 300 seconds
[2020-03-04 11:11:25,928] {dag_processing.py:1292} INFO - Finding 'running' jobs without a recent heartbeat
[2020-03-04 11:11:25,928] {dag_processing.py:1296} INFO - Failing jobs without heartbeat after 2020-03-04 02:06:25.928727+00:00
[2020-03-04 11:11:30,996] {dag_processing.py:1029} INFO - 
================================================================================
DAG File Processing Stats

File Path                                                                                                   PID    Runtime      # DAGs    # Errors  Last Runtime    Last Run
----------------------------------------------------------------------------------------------------------  -----  ---------  --------  ----------  --------------  -------------------
/Users/bsjun/Documents/airflowtest/dags/hello_world.py                                                                               0           0
/Users/bsjun/Documents/airflowtest/dags/movielens_dag.py                                                                             0           0
/opt/anaconda3/lib/python3.7/site-packages/airflow/example_dags/example_latest_only.py                                               0           0
/opt/anaconda3/lib/python3.7/site-packages/airflow/example_dags/example_complex.py                                                   0           0
/opt/anaconda3/lib/python3.7/site-packages/airflow/example_dags/example_python_operator.py                                           0           0  5.05s           2020-03-04T02:11:30
/opt/anaconda3/lib/python3.7/site-packages/airflow/example_dags/test_utils.py                                                        0           0
/opt/anaconda3/lib/python3.7/site-packages/airflow/example_dags/example_external_task_marker_dag.py                                  0           0
/opt/anaconda3/lib/python3.7/site-packages/airflow/example_dags/example_bash_operator.py                                             0           0
/opt/anaconda3/lib/python3.7/site-packages/airflow/example_dags/example_short_circuit_operator.py                                    0           0
/opt/anaconda3/lib/python3.7/site-packages/airflow/example_dags/example_branch_operator.py                                           0           0
/opt/anaconda3/lib/python3.7/site-packages/airflow/example_dags/example_docker_operator.py                                           0           0
/opt/anaconda3/lib/python3.7/site-packages/airflow/example_dags/tutorial.py                                                          0           0
/opt/anaconda3/lib/python3.7/site-packages/airflow/example_dags/docker_copy_data.py                                                  0           0
/opt/anaconda3/lib/python3.7/site-packages/airflow/example_dags/example_pig_operator.py                                              0           0
/opt/anaconda3/lib/python3.7/site-packages/airflow/example_dags/example_passing_params_via_test_command.py                           0           0
/opt/anaconda3/lib/python3.7/site-packages/airflow/example_dags/example_latest_only_with_trigger.py                                  0           0
/opt/anaconda3/lib/python3.7/site-packages/airflow/example_dags/example_docker_swarm_operator.py                                     0           0
/opt/anaconda3/lib/python3.7/site-packages/airflow/example_dags/example_xcom.py                                                      0           0
/opt/anaconda3/lib/python3.7/site-packages/airflow/example_dags/example_http_operator.py                                             0           0
/opt/anaconda3/lib/python3.7/site-packages/airflow/example_dags/example_skip_dag.py                                                  0           0
/opt/anaconda3/lib/python3.7/site-packages/airflow/example_dags/example_trigger_target_dag.py                                        0           0
/opt/anaconda3/lib/python3.7/site-packages/airflow/example_dags/example_branch_python_dop_operator_3.py                              0           0
/opt/anaconda3/lib/python3.7/site-packages/airflow/example_dags/example_subdag_operator.py                                           0           0
/opt/anaconda3/lib/python3.7/site-packages/airflow/example_dags/example_trigger_controller_dag.py                                    0           0
/opt/anaconda3/lib/python3.7/site-packages/airflow/example_dags/subdags/subdag.py                                                    0           0
================================================================================
[2020-03-04 11:11:36,052] {dag_processing.py:1292} INFO - Finding 'running' jobs without a recent heartbeat
[2020-03-04 11:11:36,053] {dag_processing.py:1296} INFO - Failing jobs without heartbeat after 2020-03-04 02:06:36.053617+00:00
[2020-03-04 11:11:36,585] {dag_processing.py:804} INFO - Exiting gracefully upon receiving signal 15
[2020-03-04 11:11:41,077] {dag_processing.py:804} INFO - Exiting gracefully upon receiving signal 15
[2020-03-04 11:11:41,095] {dag_processing.py:1378} INFO - Waiting up to 5 seconds for processes to exit...
